<html>
<head>
<title>TestNG:  Test</title>
<link href="../testng.css" rel="stylesheet" type="text/css" />
<link href="../my-testng.css" rel="stylesheet" type="text/css" />

<style type="text/css">
.log { display: none;} 
.stack-trace { display: none;} 
</style>
<script type="text/javascript">
<!--
function flip(e) {
  current = e.style.display;
  if (current == 'block') {
    e.style.display = 'none';
    return 0;
  }
  else {
    e.style.display = 'block';
    return 1;
  }
}

function toggleBox(szDivId, elem, msg1, msg2)
{
  var res = -1;  if (document.getElementById) {
    res = flip(document.getElementById(szDivId));
  }
  else if (document.all) {
    // this is the way old msie versions work
    res = flip(document.all[szDivId]);
  }
  if(elem) {
    if(res == 0) elem.innerHTML = msg1; else elem.innerHTML = msg2;
  }

}

function toggleAllBoxes() {
  if (document.getElementsByTagName) {
    d = document.getElementsByTagName('div');
    for (i = 0; i < d.length; i++) {
      if (d[i].className == 'log') {
        flip(d[i]);
      }
    }
  }
}

// -->
</script>

</head>
<body>
<h2 align='center'>Test</h2><table border='1' align="center">
<tr>
<td>Tests passed/Failed/Skipped:</td><td>3/5/0</td>
</tr><tr>
<td>Started on:</td><td>Wed Jan 24 15:29:36 IST 2018</td>
</tr>
<tr><td>Total time:</td><td>1609 seconds (1609345 ms)</td>
</tr><tr>
<td>Included groups:</td><td></td>
</tr><tr>
<td>Excluded groups:</td><td></td>
</tr>
</table><p/>
<small><i>(Hover the method name to see the test class name)</i></small><p/>
<table width='100%' border='1' class='invocation-failed'>
<tr><td colspan='4' align='center'><b>FAILED TESTS</b></td></tr>
<tr><td><b>Test method</b></td>
<td width="30%"><b>Exception</b></td>
<td width="10%"><b>Time (seconds)</b></td>
<td><b>Instance</b></td>
</tr>
<tr>
<td title='seetest.IOS_appstoretest.runtest()'><b>runtest</b><br>Test class: seetest.IOS_appstoretest</td>
<td><div><pre>com.experitest.client.InternalException: Exception caught while executing click: Failed to click &apos;Face&apos;. Object repository doesn&apos;t contain: default\Face
	at com.experitest.client.JavaClientInternals.executeInternally(JavaClientInternals.java:249)
	at com.experitest.client.Client.execute(Client.java:247)
	at com.experitest.client.Client.click(Client.java:476)
	at seetest.IOS_appstoretest.runtest(IOS_appstoretest.java:87)
	at java.base/java.util.concurrent.ThreadPoolExecutor.runWorker(ThreadPoolExecutor.java:1167)
	at java.base/java.util.concurrent.ThreadPoolExecutor$Worker.run(ThreadPoolExecutor.java:641)
	at java.base/java.lang.Thread.run(Thread.java:844)
... Removed 10 stack frames</pre></div><a href='#' onClick='toggleBox("stack-trace164936207", this, "Click to show all stack frames", "Click to hide stack frames")'>Click to show all stack frames</a>
<div class='stack-trace' id='stack-trace164936207'><pre>com.experitest.client.InternalException: Exception caught while executing click: Failed to click &apos;Face&apos;. Object repository doesn&apos;t contain: default\Face
	at com.experitest.client.JavaClientInternals.executeInternally(JavaClientInternals.java:249)
	at com.experitest.client.Client.execute(Client.java:247)
	at com.experitest.client.Client.click(Client.java:476)
	at seetest.IOS_appstoretest.runtest(IOS_appstoretest.java:87)
	at java.base/jdk.internal.reflect.NativeMethodAccessorImpl.invoke0(Native Method)
	at java.base/jdk.internal.reflect.NativeMethodAccessorImpl.invoke(NativeMethodAccessorImpl.java:62)
	at java.base/jdk.internal.reflect.DelegatingMethodAccessorImpl.invoke(DelegatingMethodAccessorImpl.java:43)
	at java.base/java.lang.reflect.Method.invoke(Method.java:564)
	at org.testng.internal.MethodInvocationHelper.invokeMethod(MethodInvocationHelper.java:100)
	at org.testng.internal.Invoker.invokeMethod(Invoker.java:646)
	at org.testng.internal.Invoker.invokeTestMethod(Invoker.java:811)
	at org.testng.internal.Invoker.invokeTestMethods(Invoker.java:1129)
	at org.testng.internal.TestMethodWorker.invokeTestMethods(TestMethodWorker.java:129)
	at org.testng.internal.TestMethodWorker.run(TestMethodWorker.java:112)
	at java.base/java.util.concurrent.ThreadPoolExecutor.runWorker(ThreadPoolExecutor.java:1167)
	at java.base/java.util.concurrent.ThreadPoolExecutor$Worker.run(ThreadPoolExecutor.java:641)
	at java.base/java.lang.Thread.run(Thread.java:844)
</pre></div></td>
<td>92</td>
<td>seetest.IOS_appstoretest@d4342c2</td></tr>
<tr>
<td title='seetest.Test6_mytest1.runtest()'><b>runtest</b><br>Test class: seetest.Test6_mytest1</td>
<td><div><pre>com.experitest.client.InternalException: Exception caught while executing clickIn: Element was not identified: search element: &apos;xpath=//*[@id=&apos;text1&apos;]&apos;
	at com.experitest.client.JavaClientInternals.executeInternally(JavaClientInternals.java:249)
	at com.experitest.client.Client.execute(Client.java:247)
	at com.experitest.client.Client.clickIn(Client.java:559)
	at seetest.Test6_mytest1.runtest(Test6_mytest1.java:47)
	at java.base/java.util.concurrent.ThreadPoolExecutor.runWorker(ThreadPoolExecutor.java:1167)
	at java.base/java.util.concurrent.ThreadPoolExecutor$Worker.run(ThreadPoolExecutor.java:641)
	at java.base/java.lang.Thread.run(Thread.java:844)
... Removed 10 stack frames</pre></div><a href='#' onClick='toggleBox("stack-trace2032989726", this, "Click to show all stack frames", "Click to hide stack frames")'>Click to show all stack frames</a>
<div class='stack-trace' id='stack-trace2032989726'><pre>com.experitest.client.InternalException: Exception caught while executing clickIn: Element was not identified: search element: &apos;xpath=//*[@id=&apos;text1&apos;]&apos;
	at com.experitest.client.JavaClientInternals.executeInternally(JavaClientInternals.java:249)
	at com.experitest.client.Client.execute(Client.java:247)
	at com.experitest.client.Client.clickIn(Client.java:559)
	at seetest.Test6_mytest1.runtest(Test6_mytest1.java:47)
	at java.base/jdk.internal.reflect.NativeMethodAccessorImpl.invoke0(Native Method)
	at java.base/jdk.internal.reflect.NativeMethodAccessorImpl.invoke(NativeMethodAccessorImpl.java:62)
	at java.base/jdk.internal.reflect.DelegatingMethodAccessorImpl.invoke(DelegatingMethodAccessorImpl.java:43)
	at java.base/java.lang.reflect.Method.invoke(Method.java:564)
	at org.testng.internal.MethodInvocationHelper.invokeMethod(MethodInvocationHelper.java:100)
	at org.testng.internal.Invoker.invokeMethod(Invoker.java:646)
	at org.testng.internal.Invoker.invokeTestMethod(Invoker.java:811)
	at org.testng.internal.Invoker.invokeTestMethods(Invoker.java:1129)
	at org.testng.internal.TestMethodWorker.invokeTestMethods(TestMethodWorker.java:129)
	at org.testng.internal.TestMethodWorker.run(TestMethodWorker.java:112)
	at java.base/java.util.concurrent.ThreadPoolExecutor.runWorker(ThreadPoolExecutor.java:1167)
	at java.base/java.util.concurrent.ThreadPoolExecutor$Worker.run(ThreadPoolExecutor.java:641)
	at java.base/java.lang.Thread.run(Thread.java:844)
</pre></div></td>
<td>108</td>
<td>seetest.Test6_mytest1@2bbf180e</td></tr>
<tr>
<td title='seetest.PlaystoreTest.runtest()'><b>runtest</b><br>Test class: seetest.PlaystoreTest</td>
<td><div><pre>com.experitest.client.InternalException: Exception caught while executing click: Element was not identified: &apos;xpath=//*[@text=&apos;TOP CHARTS&apos;]&apos; at zone NATIVE
	at com.experitest.client.JavaClientInternals.executeInternally(JavaClientInternals.java:249)
	at com.experitest.client.Client.execute(Client.java:247)
	at com.experitest.client.Client.click(Client.java:476)
	at seetest.PlaystoreTest.runtest(PlaystoreTest.java:45)
	at java.base/java.util.concurrent.ThreadPoolExecutor.runWorker(ThreadPoolExecutor.java:1167)
	at java.base/java.util.concurrent.ThreadPoolExecutor$Worker.run(ThreadPoolExecutor.java:641)
	at java.base/java.lang.Thread.run(Thread.java:844)
... Removed 10 stack frames</pre></div><a href='#' onClick='toggleBox("stack-trace1871492541", this, "Click to show all stack frames", "Click to hide stack frames")'>Click to show all stack frames</a>
<div class='stack-trace' id='stack-trace1871492541'><pre>com.experitest.client.InternalException: Exception caught while executing click: Element was not identified: &apos;xpath=//*[@text=&apos;TOP CHARTS&apos;]&apos; at zone NATIVE
	at com.experitest.client.JavaClientInternals.executeInternally(JavaClientInternals.java:249)
	at com.experitest.client.Client.execute(Client.java:247)
	at com.experitest.client.Client.click(Client.java:476)
	at seetest.PlaystoreTest.runtest(PlaystoreTest.java:45)
	at java.base/jdk.internal.reflect.NativeMethodAccessorImpl.invoke0(Native Method)
	at java.base/jdk.internal.reflect.NativeMethodAccessorImpl.invoke(NativeMethodAccessorImpl.java:62)
	at java.base/jdk.internal.reflect.DelegatingMethodAccessorImpl.invoke(DelegatingMethodAccessorImpl.java:43)
	at java.base/java.lang.reflect.Method.invoke(Method.java:564)
	at org.testng.internal.MethodInvocationHelper.invokeMethod(MethodInvocationHelper.java:100)
	at org.testng.internal.Invoker.invokeMethod(Invoker.java:646)
	at org.testng.internal.Invoker.invokeTestMethod(Invoker.java:811)
	at org.testng.internal.Invoker.invokeTestMethods(Invoker.java:1129)
	at org.testng.internal.TestMethodWorker.invokeTestMethods(TestMethodWorker.java:129)
	at org.testng.internal.TestMethodWorker.run(TestMethodWorker.java:112)
	at java.base/java.util.concurrent.ThreadPoolExecutor.runWorker(ThreadPoolExecutor.java:1167)
	at java.base/java.util.concurrent.ThreadPoolExecutor$Worker.run(ThreadPoolExecutor.java:641)
	at java.base/java.lang.Thread.run(Thread.java:844)
</pre></div></td>
<td>109</td>
<td>seetest.PlaystoreTest@5276e6b0</td></tr>
<tr>
<td title='seetest.EribankLogin.runtest()'><b>runtest</b><br>Test class: seetest.EribankLogin</td>
<td><div><pre>java.lang.StringIndexOutOfBoundsException: begin 18, end 6, length 8
	at java.base/java.lang.String.checkBoundsBeginEnd(String.java:3116)
	at java.base/java.lang.String.substring(String.java:1885)
	at seetest.EribankLogin.runtest(EribankLogin.java:124)
	at java.base/java.util.concurrent.ThreadPoolExecutor.runWorker(ThreadPoolExecutor.java:1167)
	at java.base/java.util.concurrent.ThreadPoolExecutor$Worker.run(ThreadPoolExecutor.java:641)
	at java.base/java.lang.Thread.run(Thread.java:844)
... Removed 10 stack frames</pre></div><a href='#' onClick='toggleBox("stack-trace1079497727", this, "Click to show all stack frames", "Click to hide stack frames")'>Click to show all stack frames</a>
<div class='stack-trace' id='stack-trace1079497727'><pre>java.lang.StringIndexOutOfBoundsException: begin 18, end 6, length 8
	at java.base/java.lang.String.checkBoundsBeginEnd(String.java:3116)
	at java.base/java.lang.String.substring(String.java:1885)
	at seetest.EribankLogin.runtest(EribankLogin.java:124)
	at java.base/jdk.internal.reflect.NativeMethodAccessorImpl.invoke0(Native Method)
	at java.base/jdk.internal.reflect.NativeMethodAccessorImpl.invoke(NativeMethodAccessorImpl.java:62)
	at java.base/jdk.internal.reflect.DelegatingMethodAccessorImpl.invoke(DelegatingMethodAccessorImpl.java:43)
	at java.base/java.lang.reflect.Method.invoke(Method.java:564)
	at org.testng.internal.MethodInvocationHelper.invokeMethod(MethodInvocationHelper.java:100)
	at org.testng.internal.Invoker.invokeMethod(Invoker.java:646)
	at org.testng.internal.Invoker.invokeTestMethod(Invoker.java:811)
	at org.testng.internal.Invoker.invokeTestMethods(Invoker.java:1129)
	at org.testng.internal.TestMethodWorker.invokeTestMethods(TestMethodWorker.java:129)
	at org.testng.internal.TestMethodWorker.run(TestMethodWorker.java:112)
	at java.base/java.util.concurrent.ThreadPoolExecutor.runWorker(ThreadPoolExecutor.java:1167)
	at java.base/java.util.concurrent.ThreadPoolExecutor$Worker.run(ThreadPoolExecutor.java:641)
	at java.base/java.lang.Thread.run(Thread.java:844)
</pre></div></td>
<td>213</td>
<td>seetest.EribankLogin@56de5251</td></tr>
<tr>
<td title='seetest.ChromeAndSafari.runtest()'><b>runtest</b><br>Test class: seetest.ChromeAndSafari</td>
<td><div><pre>com.experitest.client.InternalException: Exception caught while executing click: Element was not identified: &apos;xpath=//div[@class=&quot;nav-menu__hamburger&quot;]&apos; at zone WEB
	at com.experitest.client.JavaClientInternals.executeInternally(JavaClientInternals.java:249)
	at com.experitest.client.Client.execute(Client.java:247)
	at com.experitest.client.Client.click(Client.java:476)
	at seetest.ChromeAndSafari.runtest(ChromeAndSafari.java:138)
	at java.base/java.util.concurrent.ThreadPoolExecutor.runWorker(ThreadPoolExecutor.java:1167)
	at java.base/java.util.concurrent.ThreadPoolExecutor$Worker.run(ThreadPoolExecutor.java:641)
	at java.base/java.lang.Thread.run(Thread.java:844)
... Removed 10 stack frames</pre></div><a href='#' onClick='toggleBox("stack-trace89124140", this, "Click to show all stack frames", "Click to hide stack frames")'>Click to show all stack frames</a>
<div class='stack-trace' id='stack-trace89124140'><pre>com.experitest.client.InternalException: Exception caught while executing click: Element was not identified: &apos;xpath=//div[@class=&quot;nav-menu__hamburger&quot;]&apos; at zone WEB
	at com.experitest.client.JavaClientInternals.executeInternally(JavaClientInternals.java:249)
	at com.experitest.client.Client.execute(Client.java:247)
	at com.experitest.client.Client.click(Client.java:476)
	at seetest.ChromeAndSafari.runtest(ChromeAndSafari.java:138)
	at java.base/jdk.internal.reflect.NativeMethodAccessorImpl.invoke0(Native Method)
	at java.base/jdk.internal.reflect.NativeMethodAccessorImpl.invoke(NativeMethodAccessorImpl.java:62)
	at java.base/jdk.internal.reflect.DelegatingMethodAccessorImpl.invoke(DelegatingMethodAccessorImpl.java:43)
	at java.base/java.lang.reflect.Method.invoke(Method.java:564)
	at org.testng.internal.MethodInvocationHelper.invokeMethod(MethodInvocationHelper.java:100)
	at org.testng.internal.Invoker.invokeMethod(Invoker.java:646)
	at org.testng.internal.Invoker.invokeTestMethod(Invoker.java:811)
	at org.testng.internal.Invoker.invokeTestMethods(Invoker.java:1129)
	at org.testng.internal.TestMethodWorker.invokeTestMethods(TestMethodWorker.java:129)
	at org.testng.internal.TestMethodWorker.run(TestMethodWorker.java:112)
	at java.base/java.util.concurrent.ThreadPoolExecutor.runWorker(ThreadPoolExecutor.java:1167)
	at java.base/java.util.concurrent.ThreadPoolExecutor$Worker.run(ThreadPoolExecutor.java:641)
	at java.base/java.lang.Thread.run(Thread.java:844)
</pre></div></td>
<td>478</td>
<td>seetest.ChromeAndSafari@419c5f1a</td></tr>
</table><p>
<table width='100%' border='1' class='invocation-passed'>
<tr><td colspan='4' align='center'><b>PASSED TESTS</b></td></tr>
<tr><td><b>Test method</b></td>
<td width="30%"><b>Exception</b></td>
<td width="10%"><b>Time (seconds)</b></td>
<td><b>Instance</b></td>
</tr>
<tr>
<td title='seetest.TestMyapp.runtest()'><b>runtest</b><br>Test class: seetest.TestMyapp</td>
<td></td>
<td>129</td>
<td>seetest.TestMyapp@12b0404f</td></tr>
<tr>
<td title='seetest.Test7_mytest2.runtest()'><b>runtest</b><br>Test class: seetest.Test7_mytest2</td>
<td></td>
<td>147</td>
<td>seetest.Test7_mytest2@769e7ee8</td></tr>
<tr>
<td title='seetest.Test5_mytest.runtest()'><b>runtest</b><br>Test class: seetest.Test5_mytest</td>
<td></td>
<td>175</td>
<td>seetest.Test5_mytest@163e4e87</td></tr>
</table><p>
</body>
</html>