<!DOCTYPE html PUBLIC "-//W3C//DTD XHTML 1.1//EN" "http://www.w3.org/TR/xhtml11/DTD/xhtml11.dtd">
<html xmlns="http://www.w3.org/1999/xhtml"><head><title>TestNG Report</title><style type="text/css">table {margin-bottom:10px;border-collapse:collapse;empty-cells:show}th,td {border:1px solid #009;padding:.25em .5em}th {vertical-align:bottom}td {vertical-align:top}table a {font-weight:bold}.stripe td {background-color: #E6EBF9}.num {text-align:right}.passedodd td {background-color: #3F3}.passedeven td {background-color: #0A0}.skippedodd td {background-color: #DDD}.skippedeven td {background-color: #CCC}.failedodd td,.attn {background-color: #F33}.failedeven td,.stripe .attn {background-color: #D00}.stacktrace {white-space:pre;font-family:monospace}.totop {font-size:85%;text-align:center;border-bottom:2px solid #000}</style></head><body><table><tr><th>Test</th><th># Passed</th><th># Skipped</th><th># Failed</th><th>Time (ms)</th><th>Included Groups</th><th>Excluded Groups</th></tr><tr><th colspan="7">Suite</th></tr><tr><td><a href="#t0">Test</a></td><td class="num">3</td><td class="num">0</td><td class="num attn">5</td><td class="num">1,609,345</td><td></td><td></td></tr></table><table><thead><tr><th>Class</th><th>Method</th><th>Start</th><th>Time (ms)</th></tr></thead><tbody><tr><th colspan="4">Suite</th></tr></tbody><tbody id="t0"><tr><th colspan="4">Test &#8212; failed</th></tr><tr class="failedeven"><td rowspan="1">seetest.ChromeAndSafari</td><td><a href="#m0">runtest</a></td><td rowspan="1">1516800606809</td><td rowspan="1">478964</td></tr><tr class="failedodd"><td rowspan="1">seetest.EribankLogin</td><td><a href="#m1">runtest</a></td><td rowspan="1">1516800576817</td><td rowspan="1">213494</td></tr><tr class="failedeven"><td rowspan="1">seetest.IOS_appstoretest</td><td><a href="#m2">runtest</a></td><td rowspan="1">1516800576841</td><td rowspan="1">92225</td></tr><tr class="failedodd"><td rowspan="1">seetest.PlaystoreTest</td><td><a href="#m3">runtest</a></td><td rowspan="1">1516800576834</td><td rowspan="1">109113</td></tr><tr class="failedeven"><td rowspan="1">seetest.Test6_mytest1</td><td><a href="#m4">runtest</a></td><td rowspan="1">1516800576838</td><td rowspan="1">108785</td></tr><tr><th colspan="4">Test &#8212; passed</th></tr><tr class="passedeven"><td rowspan="1">seetest.Test5_mytest</td><td><a href="#m5">runtest</a></td><td rowspan="1">1516800576817</td><td rowspan="1">175594</td></tr><tr class="passedodd"><td rowspan="1">seetest.Test7_mytest2</td><td><a href="#m6">runtest</a></td><td rowspan="1">1516800576814</td><td rowspan="1">147899</td></tr><tr class="passedeven"><td rowspan="1">seetest.TestMyapp</td><td><a href="#m7">runtest</a></td><td rowspan="1">1516800576814</td><td rowspan="1">129381</td></tr></tbody></table><h2>Test</h2><h3 id="m0">seetest.ChromeAndSafari#runtest</h3><table class="result"><tr><th>Exception</th></tr><tr><td><div class="stacktrace">com.experitest.client.InternalException: Exception caught while executing click: Element was not identified: &apos;xpath=//div[@class=&quot;nav-menu__hamburger&quot;]&apos; at zone WEB
	at com.experitest.client.JavaClientInternals.executeInternally(JavaClientInternals.java:249)
	at com.experitest.client.Client.execute(Client.java:247)
	at com.experitest.client.Client.click(Client.java:476)
	at seetest.ChromeAndSafari.runtest(ChromeAndSafari.java:138)
	at java.base/java.util.concurrent.ThreadPoolExecutor.runWorker(ThreadPoolExecutor.java:1167)
	at java.base/java.util.concurrent.ThreadPoolExecutor$Worker.run(ThreadPoolExecutor.java:641)
	at java.base/java.lang.Thread.run(Thread.java:844)
... Removed 10 stack frames</div></td></tr></table><p class="totop"><a href="#summary">back to summary</a></p><h3 id="m1">seetest.EribankLogin#runtest</h3><table class="result"><tr><th>Exception</th></tr><tr><td><div class="stacktrace">java.lang.StringIndexOutOfBoundsException: begin 18, end 6, length 8
	at java.base/java.lang.String.checkBoundsBeginEnd(String.java:3116)
	at java.base/java.lang.String.substring(String.java:1885)
	at seetest.EribankLogin.runtest(EribankLogin.java:124)
	at java.base/java.util.concurrent.ThreadPoolExecutor.runWorker(ThreadPoolExecutor.java:1167)
	at java.base/java.util.concurrent.ThreadPoolExecutor$Worker.run(ThreadPoolExecutor.java:641)
	at java.base/java.lang.Thread.run(Thread.java:844)
... Removed 10 stack frames</div></td></tr></table><p class="totop"><a href="#summary">back to summary</a></p><h3 id="m2">seetest.IOS_appstoretest#runtest</h3><table class="result"><tr><th>Exception</th></tr><tr><td><div class="stacktrace">com.experitest.client.InternalException: Exception caught while executing click: Failed to click &apos;Face&apos;. Object repository doesn&apos;t contain: default\Face
	at com.experitest.client.JavaClientInternals.executeInternally(JavaClientInternals.java:249)
	at com.experitest.client.Client.execute(Client.java:247)
	at com.experitest.client.Client.click(Client.java:476)
	at seetest.IOS_appstoretest.runtest(IOS_appstoretest.java:87)
	at java.base/java.util.concurrent.ThreadPoolExecutor.runWorker(ThreadPoolExecutor.java:1167)
	at java.base/java.util.concurrent.ThreadPoolExecutor$Worker.run(ThreadPoolExecutor.java:641)
	at java.base/java.lang.Thread.run(Thread.java:844)
... Removed 10 stack frames</div></td></tr></table><p class="totop"><a href="#summary">back to summary</a></p><h3 id="m3">seetest.PlaystoreTest#runtest</h3><table class="result"><tr><th>Exception</th></tr><tr><td><div class="stacktrace">com.experitest.client.InternalException: Exception caught while executing click: Element was not identified: &apos;xpath=//*[@text=&apos;TOP CHARTS&apos;]&apos; at zone NATIVE
	at com.experitest.client.JavaClientInternals.executeInternally(JavaClientInternals.java:249)
	at com.experitest.client.Client.execute(Client.java:247)
	at com.experitest.client.Client.click(Client.java:476)
	at seetest.PlaystoreTest.runtest(PlaystoreTest.java:45)
	at java.base/java.util.concurrent.ThreadPoolExecutor.runWorker(ThreadPoolExecutor.java:1167)
	at java.base/java.util.concurrent.ThreadPoolExecutor$Worker.run(ThreadPoolExecutor.java:641)
	at java.base/java.lang.Thread.run(Thread.java:844)
... Removed 10 stack frames</div></td></tr></table><p class="totop"><a href="#summary">back to summary</a></p><h3 id="m4">seetest.Test6_mytest1#runtest</h3><table class="result"><tr><th>Exception</th></tr><tr><td><div class="stacktrace">com.experitest.client.InternalException: Exception caught while executing clickIn: Element was not identified: search element: &apos;xpath=//*[@id=&apos;text1&apos;]&apos;
	at com.experitest.client.JavaClientInternals.executeInternally(JavaClientInternals.java:249)
	at com.experitest.client.Client.execute(Client.java:247)
	at com.experitest.client.Client.clickIn(Client.java:559)
	at seetest.Test6_mytest1.runtest(Test6_mytest1.java:47)
	at java.base/java.util.concurrent.ThreadPoolExecutor.runWorker(ThreadPoolExecutor.java:1167)
	at java.base/java.util.concurrent.ThreadPoolExecutor$Worker.run(ThreadPoolExecutor.java:641)
	at java.base/java.lang.Thread.run(Thread.java:844)
... Removed 10 stack frames</div></td></tr></table><p class="totop"><a href="#summary">back to summary</a></p><h3 id="m5">seetest.Test5_mytest#runtest</h3><table class="result"></table><p class="totop"><a href="#summary">back to summary</a></p><h3 id="m6">seetest.Test7_mytest2#runtest</h3><table class="result"></table><p class="totop"><a href="#summary">back to summary</a></p><h3 id="m7">seetest.TestMyapp#runtest</h3><table class="result"></table><p class="totop"><a href="#summary">back to summary</a></p></body></html>